<?xml version="1.0" encoding="UTF-8"?>
<testsuite xmlns:xsi="http://www.w3.org/2001/XMLSchema-instance" xsi:noNamespaceSchemaLocation="https://maven.apache.org/surefire/maven-surefire-plugin/xsd/surefire-test-report-3.0.xsd" version="3.0" name="se.kth.compilers.HelloTest" time="0.044" tests="2" errors="0" skipped="0" failures="0">
  <properties>
[...]
</properties>
  <testcase name="mainTest_empty" classname="se.kth.compilers.HelloTest" time="0.025"/>
  <testcase name="mainTest_arg" classname="se.kth.compilers.HelloTest" time="0.001"/>
</testsuite>